<?xml version="1.0" encoding="UTF-8"?>
<testsuite name="Automation Test"
           tests="3"
           failures="0"
           errors="0"
           skipped="0"
           time="3.215">
  <properties />
  
  
            <testcase name="anAustralianComingToUKForTourism" time="0.990" classname="gov.uk.check.visa.testsuite.VisaConfirmationTest" />
                <testcase name="aChileanComingToTheUKForWorkAndPlansOnStayingForLongerThanSixMonths" time="1.238" classname="gov.uk.check.visa.testsuite.VisaConfirmationTest" />
                <testcase name="aColumbianNationalComingToTheUKToJoinAPartnerForALongStayTheyDoHaveAnArticle10Or20Card" time="0.987" classname="gov.uk.check.visa.testsuite.VisaConfirmationTest" />
      
</testsuite>
